<?xml version="1.0" encoding="UTF-8"?>
<!-- Generated by org.testng.reporters.JUnitXMLReporter -->
<testsuite ignored="0" hostname="Deepikas-MacBook-Pro.local" failures="1" tests="2" name="Command line test" time="0.821" errors="0" timestamp="2023-12-11T10:40:15 PST">
  <testcase classname="tests.BaseClass" name="sampleTest" time="0.004"/>
  <testcase classname="tests.Tests" name="testOne" time="0.001">
    <failure type="java.lang.NullPointerException" message="Cannot invoke &amp;quot;io.appium.java_client.AppiumDriver.get(String)&amp;quot; because &amp;quot;this.driver&amp;quot; is null">
      <![CDATA[java.lang.NullPointerException: Cannot invoke "io.appium.java_client.AppiumDriver.get(String)" because "this.driver" is null
at tests.Tests.testOne(Tests.java:11)
at java.base/java.util.ArrayList.forEach(ArrayList.java:1511)
... Removed 36 stack frames]]>
    </failure>
  </testcase> <!-- testOne -->
</testsuite> <!-- Command line test -->
