<?xml version="1.0" encoding="UTF-8"?>
<testng-results ignored="4" total="5" passed="1" failed="0" skipped="0">
  <reporter-output>
  </reporter-output>
  <suite started-at="2024-02-26T15:09:10 PST" name="Default suite" finished-at="2024-02-26T15:09:25 PST" duration-ms="15500">
    <groups>
    </groups>
    <test started-at="2024-02-26T15:09:10 PST" name="Default test" finished-at="2024-02-26T15:09:25 PST" duration-ms="15500">
      <class name="iOSCatalogAutomation.ActionTest">
        <test-method is-config="true" signature="launchApp()[pri:0, instance:iOSCatalogAutomation.ActionTest@534a5a98]" started-at="2024-02-26T15:09:10 PST" name="launchApp" finished-at="2024-02-26T15:09:21 PST" duration-ms="11616" status="PASS">
          <reporter-output>
          </reporter-output>
        </test-method> <!-- launchApp -->
        <test-method signature="clickActionSheet()[pri:0, instance:iOSCatalogAutomation.ActionTest@534a5a98]" started-at="2024-02-26T15:09:21 PST" name="clickActionSheet" finished-at="2024-02-26T15:09:25 PST" duration-ms="3818" status="PASS">
          <reporter-output>
          </reporter-output>
        </test-method> <!-- clickActionSheet -->
      </class> <!-- iOSCatalogAutomation.ActionTest -->
    </test> <!-- Default test -->
  </suite> <!-- Default suite -->
</testng-results>
