<?xml version="1.0" encoding="UTF-8"?>
<testng-results ignored="0" total="1" passed="0" failed="1" skipped="0">
  <reporter-output>
  </reporter-output>
  <suite started-at="2024-07-03T13:31:20 PDT" name="Default suite" finished-at="2024-07-03T13:31:24 PDT" duration-ms="3680">
    <groups>
    </groups>
    <test started-at="2024-07-03T13:31:20 PDT" name="Default test" finished-at="2024-07-03T13:31:24 PDT" duration-ms="3680">
      <class name="AppiumServer">
        <test-method signature="configuration()[pri:0, instance:AppiumServer@708f5957]" started-at="2024-07-03T13:31:21 PDT" name="configuration" finished-at="2024-07-03T13:31:24 PDT" duration-ms="3614" status="FAIL">
          <exception class="org.openqa.selenium.SessionNotCreatedException">
            <message>
              <![CDATA[Could not start a new session. Response code 500. Message: An unknown server-side error occurred while processing the command. Original error: Neither ANDROID_HOME nor ANDROID_SDK_ROOT environment variable was exported. Read https://developer.android.com/studio/command-line/variables for more details 
Host info: host: 'deepikas-mbp.lan', ip: 'fd70:2880:bbbe:183b:887:393a:4d2:5ebb%en0'
Build info: version: '4.22.0', revision: 'c5f3146703*'
System info: os.name: 'Mac OS X', os.arch: 'x86_64', os.version: '10.16', java.version: '15.0.2'
Driver info: org.openqa.selenium.remote.RemoteWebDriver
Command: [null, newSession {capabilities=[Capabilities {appium:app: /Users/rahade/workspaceMobi..., appium:automationName: UIAutomator2, appium:deviceName: Pixel 2, appium:platformVersion: 12.0, platformName: ANDROID}]}]
Capabilities {appium:app: /Users/rahade/workspaceMobi..., appium:automationName: UIAutomator2, appium:deviceName: Pixel 2, appium:platformVersion: 12.0, platformName: ANDROID}]]>
            </message>
            <full-stacktrace>
              <![CDATA[org.openqa.selenium.SessionNotCreatedException: Could not start a new session. Response code 500. Message: An unknown server-side error occurred while processing the command. Original error: Neither ANDROID_HOME nor ANDROID_SDK_ROOT environment variable was exported. Read https://developer.android.com/studio/command-line/variables for more details 
Host info: host: 'deepikas-mbp.lan', ip: 'fd70:2880:bbbe:183b:887:393a:4d2:5ebb%en0'
Build info: version: '4.22.0', revision: 'c5f3146703*'
System info: os.name: 'Mac OS X', os.arch: 'x86_64', os.version: '10.16', java.version: '15.0.2'
Driver info: org.openqa.selenium.remote.RemoteWebDriver
Command: [null, newSession {capabilities=[Capabilities {appium:app: /Users/rahade/workspaceMobi..., appium:automationName: UIAutomator2, appium:deviceName: Pixel 2, appium:platformVersion: 12.0, platformName: ANDROID}]}]
Capabilities {appium:app: /Users/rahade/workspaceMobi..., appium:automationName: UIAutomator2, appium:deviceName: Pixel 2, appium:platformVersion: 12.0, platformName: ANDROID}
at org.openqa.selenium.remote.ProtocolHandshake.createSession(ProtocolHandshake.java:114)
at org.openqa.selenium.remote.ProtocolHandshake.createSession(ProtocolHandshake.java:75)
at org.openqa.selenium.remote.ProtocolHandshake.createSession(ProtocolHandshake.java:61)
at org.openqa.selenium.remote.HttpCommandExecutor.execute(HttpCommandExecutor.java:162)
at org.openqa.selenium.remote.TracedCommandExecutor.execute(TracedCommandExecutor.java:53)
at org.openqa.selenium.remote.RemoteWebDriver.execute(RemoteWebDriver.java:518)
at org.openqa.selenium.remote.RemoteWebDriver.startSession(RemoteWebDriver.java:232)
at org.openqa.selenium.remote.RemoteWebDriver.<init>(RemoteWebDriver.java:161)
at org.openqa.selenium.remote.RemoteWebDriver.<init>(RemoteWebDriver.java:141)
at AppiumServer.configuration(AppiumServer.java:55)
at java.base/jdk.internal.reflect.NativeMethodAccessorImpl.invoke0(Native Method)
at java.base/jdk.internal.reflect.NativeMethodAccessorImpl.invoke(NativeMethodAccessorImpl.java:64)
at java.base/jdk.internal.reflect.DelegatingMethodAccessorImpl.invoke(DelegatingMethodAccessorImpl.java:43)
at java.base/java.lang.reflect.Method.invoke(Method.java:564)
at org.testng.internal.invokers.MethodInvocationHelper.invokeMethod(MethodInvocationHelper.java:139)
at org.testng.internal.invokers.TestInvoker.invokeMethod(TestInvoker.java:677)
at org.testng.internal.invokers.TestInvoker.invokeTestMethod(TestInvoker.java:221)
at org.testng.internal.invokers.MethodRunner.runInSequence(MethodRunner.java:50)
at org.testng.internal.invokers.TestInvoker$MethodInvocationAgent.invoke(TestInvoker.java:969)
at org.testng.internal.invokers.TestInvoker.invokeTestMethods(TestInvoker.java:194)
at org.testng.internal.invokers.TestMethodWorker.invokeTestMethods(TestMethodWorker.java:148)
at org.testng.internal.invokers.TestMethodWorker.run(TestMethodWorker.java:128)
at java.base/java.util.ArrayList.forEach(ArrayList.java:1511)
at org.testng.TestRunner.privateRun(TestRunner.java:829)
at org.testng.TestRunner.run(TestRunner.java:602)
at org.testng.SuiteRunner.runTest(SuiteRunner.java:437)
at org.testng.SuiteRunner.runSequentially(SuiteRunner.java:431)
at org.testng.SuiteRunner.privateRun(SuiteRunner.java:391)
at org.testng.SuiteRunner.run(SuiteRunner.java:330)
at org.testng.SuiteRunnerWorker.runSuite(SuiteRunnerWorker.java:52)
at org.testng.SuiteRunnerWorker.run(SuiteRunnerWorker.java:95)
at org.testng.TestNG.runSuitesSequentially(TestNG.java:1256)
at org.testng.TestNG.runSuitesLocally(TestNG.java:1176)
at org.testng.TestNG.runSuites(TestNG.java:1099)
at org.testng.TestNG.run(TestNG.java:1067)
at org.testng.remote.AbstractRemoteTestNG.run(AbstractRemoteTestNG.java:115)
at org.testng.remote.RemoteTestNG.initAndRun(RemoteTestNG.java:251)
at org.testng.remote.RemoteTestNG.main(RemoteTestNG.java:77)
]]>
            </full-stacktrace>
          </exception> <!-- org.openqa.selenium.SessionNotCreatedException -->
          <reporter-output>
          </reporter-output>
        </test-method> <!-- configuration -->
        <test-method is-config="true" signature="tearDown()[pri:0, instance:AppiumServer@708f5957]" started-at="2024-07-03T13:31:24 PDT" name="tearDown" finished-at="2024-07-03T13:31:24 PDT" duration-ms="3" status="PASS">
          <reporter-output>
          </reporter-output>
        </test-method> <!-- tearDown -->
      </class> <!-- AppiumServer -->
    </test> <!-- Default test -->
  </suite> <!-- Default suite -->
</testng-results>
