<?xml version="1.0" encoding="UTF-8"?>
<testsuite xmlns:xsi="http://www.w3.org/2001/XMLSchema-instance" xsi:noNamespaceSchemaLocation="https://maven.apache.org/surefire/maven-surefire-plugin/xsd/surefire-test-report-3.0.xsd" version="3.0" name="TestSuite" time="189.589" tests="7" errors="0" skipped="0" failures="0">
  <properties>
[...]
</properties>
  <testcase name="home" classname="Test.HomeTest" time="0.642">
    <system-out><![CDATA[*** Test Suite Test started ***
launch app
*** Running test method home...
Directory already exists: /Users/rahade/workspaceMobileAutomation/Android_Wdio_Native/ExtentReport
2024-05-30 00:22:00 INFO  Log:31 - Title of the Page is displayed
Title : Demo app for the appium-boilerplate
2024-05-30 00:22:01 INFO  Log:31 - Home page
*** Executed home test successfully...
]]></system-out>
  </testcase>
  <testcase name="clickWebView" classname="Test.WebViewTest" time="34.137">
    <system-out><![CDATA[Screenshot captured.
Destination file path: /Users/rahade/workspaceMobileAutomation/Android_Wdio_Native/Screenshot/2024-05-30-00-22-01.jpeg
Screenshot saved successfully at: /Users/rahade/workspaceMobileAutomation/Android_Wdio_Native/Screenshot/2024-05-30-00-22-01.jpeg
launch app
*** Running test method clickWebView...
2024-05-30 00:22:05 INFO  Log:31 - WebView Page
swipeWebView
getStarted
swipeUp
swipeDown
clickHome
*** Executed clickWebView test successfully...
]]></system-out>
  </testcase>
  <testcase name="viewOnGithub" classname="Test.WebViewTest" time="49.682">
    <system-out><![CDATA[Screenshot captured.
Destination file path: /Users/rahade/workspaceMobileAutomation/Android_Wdio_Native/Screenshot/2024-05-30-00-22-41.jpeg
Screenshot saved successfully at: /Users/rahade/workspaceMobileAutomation/Android_Wdio_Native/Screenshot/2024-05-30-00-22-41.jpeg
launch app
*** Running test method viewOnGithub...
swipeWebView
*** Executed viewOnGithub test successfully...
]]></system-out>
  </testcase>
  <testcase name="login" classname="Test.LoginTest" time="19.409">
    <system-out><![CDATA[Screenshot captured.
Destination file path: /Users/rahade/workspaceMobileAutomation/Android_Wdio_Native/Screenshot/2024-05-30-00-23-36.jpeg
Screenshot saved successfully at: /Users/rahade/workspaceMobileAutomation/Android_Wdio_Native/Screenshot/2024-05-30-00-23-36.jpeg
launch app
*** Running test method login...
2024-05-30 00:23:42 INFO  Log:31 - Login Page
You are logged in!
Btn clicked
Msg
You successfully signed up!
*** Executed login test successfully...
]]></system-out>
  </testcase>
  <testcase name="forms" classname="Test.FormsTest" time="7.132">
    <system-out><![CDATA[Screenshot captured.
Destination file path: /Users/rahade/workspaceMobileAutomation/Android_Wdio_Native/Screenshot/2024-05-30-00-24-01.jpeg
Screenshot saved successfully at: /Users/rahade/workspaceMobileAutomation/Android_Wdio_Native/Screenshot/2024-05-30-00-24-01.jpeg
launch app
*** Running test method forms...
2024-05-30 00:24:05 INFO  Log:31 - Forms page
Test
*** Executed forms test successfully...
]]></system-out>
  </testcase>
  <testcase name="swipe" classname="Test.SwipeTest" time="14.433">
    <system-out><![CDATA[Screenshot captured.
Destination file path: /Users/rahade/workspaceMobileAutomation/Android_Wdio_Native/Screenshot/2024-05-30-00-24-13.jpeg
Screenshot saved successfully at: /Users/rahade/workspaceMobileAutomation/Android_Wdio_Native/Screenshot/2024-05-30-00-24-13.jpeg
launch app
*** Running test method swipe...
2024-05-30 00:24:17 INFO  Log:31 - Swipe page
Reached the end of the carousel.
*** Executed swipe test successfully...
]]></system-out>
  </testcase>
  <testcase name="dragDrop" classname="Test.DragDropTest" time="25.701">
    <system-out><![CDATA[Screenshot captured.
Destination file path: /Users/rahade/workspaceMobileAutomation/Android_Wdio_Native/Screenshot/2024-05-30-00-24-32.jpeg
Screenshot saved successfully at: /Users/rahade/workspaceMobileAutomation/Android_Wdio_Native/Screenshot/2024-05-30-00-24-32.jpeg
launch app
*** Running test method dragDrop...
2024-05-30 00:24:36 INFO  Log:31 - Drag and Drop Page
Sucessfully drag and dropped
*** Executed dragDrop test successfully...
]]></system-out>
  </testcase>
</testsuite>