<?xml version="1.0" encoding="UTF-8"?>
<testng-results ignored="0" total="1" passed="1" failed="0" skipped="0">
  <reporter-output>
  </reporter-output>
  <suite started-at="2024-02-28T21:20:13 PST" name="Default suite" finished-at="2024-02-28T21:20:35 PST" duration-ms="21856">
    <groups>
    </groups>
    <test started-at="2024-02-28T21:20:13 PST" name="Default test" finished-at="2024-02-28T21:20:35 PST" duration-ms="21856">
      <class name="Test.MainTest">
        <test-method is-config="true" signature="before()[pri:0, instance:Test.MainTest@78e4deb0]" started-at="2024-02-28T21:20:13 PST" name="before" finished-at="2024-02-28T21:20:28 PST" duration-ms="14836" status="PASS">
          <reporter-output>
          </reporter-output>
        </test-method> <!-- before -->
        <test-method signature="clickActionSheet()[pri:0, instance:Test.MainTest@78e4deb0]" started-at="2024-02-28T21:20:28 PST" name="clickActionSheet" finished-at="2024-02-28T21:20:35 PST" duration-ms="6931" status="PASS">
          <reporter-output>
          </reporter-output>
        </test-method> <!-- clickActionSheet -->
        <test-method is-config="true" signature="tearDown()[pri:0, instance:Test.MainTest@78e4deb0]" started-at="2024-02-28T21:20:35 PST" name="tearDown" finished-at="2024-02-28T21:20:35 PST" duration-ms="2" status="PASS">
          <reporter-output>
          </reporter-output>
        </test-method> <!-- tearDown -->
      </class> <!-- Test.MainTest -->
    </test> <!-- Default test -->
  </suite> <!-- Default suite -->
</testng-results>
