<?xml version="1.0" encoding="UTF-8"?>
<!-- Generated by org.testng.reporters.JUnitXMLReporter -->
<testsuite ignored="0" hostname="Deepikas-MBP.attlocal.net" failures="0" tests="7" name="Test" time="188.244" errors="0" timestamp="2024-05-30T00:25:03 PDT">
  <testcase classname="Test.HomeTest" name="home" time="0.61"/>
  <testcase classname="Test.WebViewTest" name="clickWebView" time="34.057"/>
  <testcase classname="Test.WebViewTest" name="viewOnGithub" time="49.652"/>
  <testcase classname="Test.LoginTest" name="login" time="19.404"/>
  <testcase classname="Test.FormsTest" name="forms" time="7.129"/>
  <testcase classname="Test.SwipeTest" name="swipe" time="14.423"/>
  <testcase classname="Test.DragDropTest" name="dragDrop" time="25.679"/>
</testsuite> <!-- Test -->
