<?xml version="1.0" encoding="UTF-8"?>
<testng-results ignored="0" total="1" passed="1" failed="0" skipped="0">
  <reporter-output>
  </reporter-output>
  <suite started-at="2024-08-16T10:48:41 PDT" name="Default suite" finished-at="2024-08-16T10:49:13 PDT" duration-ms="31870">
    <groups>
    </groups>
    <test started-at="2024-08-16T10:48:41 PDT" name="Default test" finished-at="2024-08-16T10:49:13 PDT" duration-ms="31870">
      <class name="Test.LoginTest">
        <test-method is-config="true" signature="beforeMethod()[pri:0, instance:Test.LoginTest@7d8995e]" started-at="2024-08-16T10:48:41 PDT" name="beforeMethod" finished-at="2024-08-16T10:48:51 PDT" duration-ms="9591" status="PASS">
          <reporter-output>
          </reporter-output>
        </test-method> <!-- beforeMethod -->
        <test-method signature="login()[pri:0, instance:Test.LoginTest@7d8995e]" started-at="2024-08-16T10:48:51 PDT" name="login" finished-at="2024-08-16T10:49:12 PDT" duration-ms="21151" status="PASS">
          <reporter-output>
          </reporter-output>
        </test-method> <!-- login -->
        <test-method is-config="true" signature="tearDown()[pri:0, instance:Test.LoginTest@7d8995e]" started-at="2024-08-16T10:49:12 PDT" name="tearDown" finished-at="2024-08-16T10:49:13 PDT" duration-ms="1023" status="PASS">
          <reporter-output>
          </reporter-output>
        </test-method> <!-- tearDown -->
      </class> <!-- Test.LoginTest -->
    </test> <!-- Default test -->
  </suite> <!-- Default suite -->
</testng-results>
