<?xml version="1.0" encoding="UTF-8"?>
<!-- Generated by org.testng.reporters.JUnitXMLReporter -->
<testsuite ignored="4" hostname="deepikas-mbp.lan" failures="0" tests="1" name="Default test" time="15.5" errors="0" timestamp="2024-02-26T15:09:25 PST">
  <testcase classname="iOSCatalogAutomation.ActionTest" name="clickActionSheet" time="3.818"/>
  <testcase classname="iOSCatalogAutomation.ActionTest" name="clickWebView" time="0.0">
    <ignored/>
  </testcase> <!-- clickWebView -->
  <testcase classname="iOSCatalogAutomation.ActionTest" name="clickPickerView" time="0.0">
    <ignored/>
  </testcase> <!-- clickPickerView -->
  <testcase classname="iOSCatalogAutomation.ActionTest" name="clickDatePicker" time="0.0">
    <ignored/>
  </testcase> <!-- clickDatePicker -->
  <testcase classname="iOSCatalogAutomation.ActionTest" name="clickAlertViews" time="0.0">
    <ignored/>
  </testcase> <!-- clickAlertViews -->
</testsuite> <!-- Default test -->
