<?xml version="1.0" encoding="UTF-8"?>
<testng-results ignored="0" total="1" passed="1" failed="0" skipped="0">
  <reporter-output>
  </reporter-output>
  <suite started-at="2024-05-23T09:55:41 PDT" name="Default suite" finished-at="2024-05-23T09:55:55 PDT" duration-ms="13461">
    <groups>
    </groups>
    <test started-at="2024-05-23T09:55:41 PDT" name="Default test" finished-at="2024-05-23T09:55:55 PDT" duration-ms="13461">
      <class name="com.appium.test.ScrollDemo">
        <test-method is-config="true" signature="launch()[pri:0, instance:com.appium.test.ScrollDemo@4fb3ee4e]" started-at="2024-05-23T09:55:41 PDT" name="launch" finished-at="2024-05-23T09:55:47 PDT" duration-ms="5825" status="PASS">
          <reporter-output>
          </reporter-output>
        </test-method> <!-- launch -->
        <test-method signature="scrollDownTest()[pri:0, instance:com.appium.test.ScrollDemo@4fb3ee4e]" started-at="2024-05-23T09:55:47 PDT" name="scrollDownTest" finished-at="2024-05-23T09:55:54 PDT" duration-ms="7326" status="PASS">
          <reporter-output>
          </reporter-output>
        </test-method> <!-- scrollDownTest -->
        <test-method is-config="true" signature="tearDown()[pri:0, instance:com.appium.test.ScrollDemo@4fb3ee4e]" started-at="2024-05-23T09:55:54 PDT" name="tearDown" finished-at="2024-05-23T09:55:55 PDT" duration-ms="263" status="PASS">
          <reporter-output>
          </reporter-output>
        </test-method> <!-- tearDown -->
      </class> <!-- com.appium.test.ScrollDemo -->
    </test> <!-- Default test -->
  </suite> <!-- Default suite -->
</testng-results>
