<?xml version="1.0" encoding="UTF-8"?>
<testng-results ignored="0" total="1" passed="1" failed="0" skipped="0">
  <reporter-output>
  </reporter-output>
  <suite started-at="2024-06-15T01:12:16 PDT" name="Default suite" finished-at="2024-06-15T01:13:01 PDT" duration-ms="45621">
    <groups>
    </groups>
    <test started-at="2024-06-15T01:12:16 PDT" name="Default test" finished-at="2024-06-15T01:13:01 PDT" duration-ms="45621">
      <class name="OS.AndroidSauceLab">
        <test-method is-config="true" signature="test()[pri:0, instance:OS.AndroidSauceLab@1d2adfbe]" started-at="2024-06-15T01:12:16 PDT" name="test" finished-at="2024-06-15T01:12:54 PDT" duration-ms="38241" status="PASS">
          <reporter-output>
          </reporter-output>
        </test-method> <!-- test -->
        <test-method signature="webView()[pri:0, instance:OS.AndroidSauceLab@1d2adfbe]" started-at="2024-06-15T01:12:54 PDT" name="webView" finished-at="2024-06-15T01:13:00 PDT" duration-ms="6403" status="PASS">
          <reporter-output>
          </reporter-output>
        </test-method> <!-- webView -->
        <test-method is-config="true" signature="tearDown()[pri:0, instance:OS.AndroidSauceLab@1d2adfbe]" started-at="2024-06-15T01:13:00 PDT" name="tearDown" finished-at="2024-06-15T01:13:01 PDT" duration-ms="902" status="PASS">
          <reporter-output>
          </reporter-output>
        </test-method> <!-- tearDown -->
      </class> <!-- OS.AndroidSauceLab -->
    </test> <!-- Default test -->
  </suite> <!-- Default suite -->
</testng-results>
