<?xml version="1.0" encoding="UTF-8"?>
<!-- Generated by org.testng.reporters.JUnitXMLReporter -->
<testsuite ignored="0" hostname="Deepikas-MBP.attlocal.net" failures="0" tests="7" name="Test" time="181.294" errors="0" timestamp="2024-05-30T00:20:49 PDT">
  <testcase classname="Test.HomeTest" name="home" time="0.38"/>
  <testcase classname="Test.WebViewTest" name="clickWebView" time="32.534"/>
  <testcase classname="Test.WebViewTest" name="viewOnGithub" time="48.765"/>
  <testcase classname="Test.LoginTest" name="login" time="17.726"/>
  <testcase classname="Test.FormsTest" name="forms" time="7.217"/>
  <testcase classname="Test.SwipeTest" name="swipe" time="14.624"/>
  <testcase classname="Test.DragDropTest" name="dragDrop" time="25.269"/>
</testsuite> <!-- Test -->
