<?xml version="1.0" encoding="UTF-8" ?>
<testsuite tests="2" failures="1" name="tests.Tests" time="0.007" errors="0" skipped="0">
  <properties>
[...]
</properties>
  <testcase classname="tests.Tests" name="sampleTest" time="0.004"/>
  <testcase classname="tests.Tests" name="testOne" time="0.003">
    <failure message="Cannot invoke &quot;io.appium.java_client.AppiumDriver.get(String)&quot; because &quot;this.driver&quot; is null" type="java.lang.NullPointerException">java.lang.NullPointerException: Cannot invoke &quot;io.appium.java_client.AppiumDriver.get(String)&quot; because &quot;this.driver&quot; is null
	at tests.Tests.testOne(Tests.java:11)
</failure>
  </testcase>
</testsuite>